<?xml version="1.0" encoding="UTF-8"?>
<!-- Generated by org.testng.reporters.JUnitReportReporter -->
<testsuite hostname="EXIPC0241" failures="0" tests="1" name="org.Ex2FW.UmbracoUser" time="16.461" errors="0" timestamp="2021-07-07T22:04:48 IST" skipped="0">
  <testcase classname="org.Ex2FW.UmbracoUser" name="createMigrationUser" time="16.461"/>
  <system-out/>
</testsuite> <!-- org.Ex2FW.UmbracoUser -->
