<?xml version="1.0" encoding="UTF-8"?>
<!-- Generated by org.testng.reporters.JUnitReportReporter -->
<testsuite hostname="EXIPC0241" failures="0" tests="1" name="org.Ex2FW.BrokenLinks" time="6.151" errors="0" timestamp="2021-08-12T12:29:19 IST" skipped="0">
  <testcase classname="org.Ex2FW.BrokenLinks" name="checkBrokenLinks" time="6.151"/>
  <system-out/>
</testsuite> <!-- org.Ex2FW.BrokenLinks -->
