<?xml version="1.0" encoding="UTF-8"?>
<!-- Generated by org.testng.reporters.JUnitReportReporter -->
<testsuite hostname="EXIPC0241" failures="0" tests="1" name="org.Ex2FW.DanRyanTest1" time="37.065" errors="0" timestamp="2021-09-05T11:26:47 IST" skipped="0">
  <testcase classname="org.Ex2FW.DanRyanTest1" name="Test1" time="37.065"/>
  <system-out/>
</testsuite> <!-- org.Ex2FW.DanRyanTest1 -->
