<?xml version="1.0" encoding="UTF-8"?>
<!-- Generated by org.testng.reporters.JUnitReportReporter -->
<testsuite skipped="0" hostname="EXIPC0060" name="org.Ex2FW.Test4" tests="1" failures="0" timestamp="18 May 2021 06:59:35 GMT" time="27.779" errors="0">
  <testcase name="FirstRun" time="27.779" classname="org.Ex2FW.Test4"/>
</testsuite> <!-- org.Ex2FW.Test4 -->
