<?xml version="1.0" encoding="UTF-8"?>
<!-- Generated by org.testng.reporters.JUnitReportReporter -->
<testsuite hostname="EXIPC0241" failures="0" tests="1" name="org.Ex2FW.KioskStatus" time="33.885" errors="0" timestamp="2021-07-14T17:02:20 IST" skipped="0">
  <testcase classname="org.Ex2FW.KioskStatus" name="testResponsecode" time="33.885"/>
  <system-out/>
</testsuite> <!-- org.Ex2FW.KioskStatus -->
