<?xml version="1.0" encoding="UTF-8"?>
<!-- Generated by org.testng.reporters.JUnitReportReporter -->
<testsuite skipped="0" hostname="EXIPC0060" name="org.Ex2FW.ApiTest1" tests="1" failures="0" timestamp="18 May 2021 06:21:57 GMT" time="3.570" errors="0">
  <testcase name="testResponsecode" time="3.570" classname="org.Ex2FW.ApiTest1"/>
</testsuite> <!-- org.Ex2FW.ApiTest1 -->
