<?xml version="1.0" encoding="UTF-8"?>
<!-- Generated by org.testng.reporters.JUnitReportReporter -->
<testsuite hostname="EXIPC0241" failures="0" tests="1" name="org.Ex2FW.UUPDuda1" time="33.108" errors="0" timestamp="2021-08-27T14:10:33 IST" skipped="0">
  <testcase classname="org.Ex2FW.UUPDuda1" name="CheckUUP_service" time="33.108"/>
  <system-out/>
</testsuite> <!-- org.Ex2FW.UUPDuda1 -->
