<?xml version="1.0" encoding="UTF-8"?>
<!-- Generated by org.testng.reporters.JUnitReportReporter -->
<testsuite hostname="EXIPC0241" failures="0" tests="1" name="org.Ex2FW.DefaultProfile" time="16.921" errors="0" timestamp="2021-08-05T13:35:18 IST" skipped="0">
  <testcase classname="org.Ex2FW.DefaultProfile" name="StartDefault" time="16.921"/>
  <system-out/>
</testsuite> <!-- org.Ex2FW.DefaultProfile -->
